This file contains any messages produced by compilers while
running configure, to aid debugging if configure makes a mistake.

It was created by freeglut library configure 2.8.1, which was
generated by GNU Autoconf 2.69.  Invocation command line was

  $ ./configure 

## --------- ##
## Platform. ##
## --------- ##

hostname = ljandrew-3
uname -m = x86_64
uname -r = 3.11.0-17-generic
uname -s = Linux
uname -v = #31-Ubuntu SMP Mon Feb 3 21:52:43 UTC 2014

/usr/bin/uname -p = unknown
/bin/uname -X     = unknown

/bin/arch              = unknown
/usr/bin/arch -k       = unknown
/usr/convex/getsysinfo = unknown
/usr/bin/hostinfo      = unknown
/bin/machine           = unknown
/usr/bin/oslevel       = unknown
/bin/universe          = unknown

PATH: /usr/lib/lightdm/lightdm
PATH: /usr/local/sbin
PATH: /usr/local/bin
PATH: /usr/sbin
PATH: /usr/bin
PATH: /sbin
PATH: /bin
PATH: /usr/games
PATH: /usr/local/games


## ----------- ##
## Core tests. ##
## ----------- ##

configure:2267: checking for a BSD-compatible install
configure:2335: result: /usr/bin/install -c
configure:2346: checking whether build environment is sane
configure:2383: result: yes
configure:2445: checking for gawk
configure:2475: result: no
configure:2445: checking for mawk
configure:2461: found /usr/bin/mawk
configure:2472: result: mawk
configure:2483: checking whether make sets $(MAKE)
configure:2505: result: yes
configure:2740: checking for gcc
configure:2756: found /usr/bin/gcc
configure:2767: result: gcc
configure:2996: checking for C compiler version
configure:3005: gcc --version >&5
gcc (Ubuntu/Linaro 4.8.1-10ubuntu9) 4.8.1
Copyright (C) 2013 Free Software Foundation, Inc.
This is free software; see the source for copying conditions.  There is NO
warranty; not even for MERCHANTABILITY or FITNESS FOR A PARTICULAR PURPOSE.

configure:3016: $? = 0
configure:3005: gcc -v >&5
Using built-in specs.
COLLECT_GCC=gcc
COLLECT_LTO_WRAPPER=/usr/lib/gcc/x86_64-linux-gnu/4.8/lto-wrapper
Target: x86_64-linux-gnu
Configured with: ../src/configure -v --with-pkgversion='Ubuntu/Linaro 4.8.1-10ubuntu9' --with-bugurl=file:///usr/share/doc/gcc-4.8/README.Bugs --enable-languages=c,c++,java,go,d,fortran,objc,obj-c++ --prefix=/usr --program-suffix=-4.8 --enable-shared --enable-linker-build-id --libexecdir=/usr/lib --without-included-gettext --enable-threads=posix --with-gxx-include-dir=/usr/include/c++/4.8 --libdir=/usr/lib --enable-nls --with-sysroot=/ --enable-clocale=gnu --enable-libstdcxx-debug --enable-libstdcxx-time=yes --enable-gnu-unique-object --enable-plugin --with-system-zlib --disable-browser-plugin --enable-java-awt=gtk --enable-gtk-cairo --with-java-home=/usr/lib/jvm/java-1.5.0-gcj-4.8-amd64/jre --enable-java-home --with-jvm-root-dir=/usr/lib/jvm/java-1.5.0-gcj-4.8-amd64 --with-jvm-jar-dir=/usr/lib/jvm-exports/java-1.5.0-gcj-4.8-amd64 --with-arch-directory=amd64 --with-ecj-jar=/usr/share/java/eclipse-ecj.jar --enable-objc-gc --enable-multiarch --disable-werror --with-arch-32=i686 --with-abi=m64 --with-multilib-list=m32,m64,mx32 --with-tune=generic --enable-checking=release --build=x86_64-linux-gnu --host=x86_64-linux-gnu --target=x86_64-linux-gnu
Thread model: posix
gcc version 4.8.1 (Ubuntu/Linaro 4.8.1-10ubuntu9) 
configure:3016: $? = 0
configure:3005: gcc -V >&5
gcc: error: unrecognized command line option '-V'
gcc: fatal error: no input files
compilation terminated.
configure:3016: $? = 4
configure:3005: gcc -qversion >&5
gcc: error: unrecognized command line option '-qversion'
gcc: fatal error: no input files
compilation terminated.
configure:3016: $? = 4
configure:3036: checking whether the C compiler works
configure:3058: gcc    conftest.c  >&5
configure:3062: $? = 0
configure:3110: result: yes
configure:3113: checking for C compiler default output file name
configure:3115: result: a.out
configure:3121: checking for suffix of executables
configure:3128: gcc -o conftest    conftest.c  >&5
configure:3132: $? = 0
configure:3154: result: 
configure:3176: checking whether we are cross compiling
configure:3184: gcc -o conftest    conftest.c  >&5
configure:3188: $? = 0
configure:3195: ./conftest
configure:3199: $? = 0
configure:3214: result: no
configure:3219: checking for suffix of object files
configure:3241: gcc -c   conftest.c >&5
configure:3245: $? = 0
configure:3266: result: o
configure:3270: checking whether we are using the GNU C compiler
configure:3289: gcc -c   conftest.c >&5
configure:3289: $? = 0
configure:3298: result: yes
configure:3307: checking whether gcc accepts -g
configure:3327: gcc -c -g  conftest.c >&5
configure:3327: $? = 0
configure:3368: result: yes
configure:3385: checking for gcc option to accept ISO C89
configure:3448: gcc  -c -g -O2  conftest.c >&5
configure:3448: $? = 0
configure:3461: result: none needed
configure:3492: checking for style of include used by make
configure:3520: result: GNU
configure:3548: checking dependency style of gcc
configure:3638: result: gcc3
configure:3656: checking whether gcc and cc understand -c and -o together
configure:3687: gcc -c conftest.c -o conftest2.o >&5
configure:3691: $? = 0
configure:3697: gcc -c conftest.c -o conftest2.o >&5
configure:3701: $? = 0
configure:3712: cc -c conftest.c >&5
configure:3716: $? = 0
configure:3724: cc -c conftest.c -o conftest2.o >&5
configure:3728: $? = 0
configure:3734: cc -c conftest.c -o conftest2.o >&5
configure:3738: $? = 0
configure:3756: result: yes
configure:3780: checking for an ANSI C-conforming const
configure:3846: gcc -c -g -O2  conftest.c >&5
configure:3846: $? = 0
configure:3853: result: yes
configure:3895: checking build system type
configure:3909: result: x86_64-unknown-linux-gnu
configure:3929: checking host system type
configure:3942: result: x86_64-unknown-linux-gnu
configure:3983: checking how to print strings
configure:4010: result: printf
configure:4031: checking for a sed that does not truncate output
configure:4095: result: /bin/sed
configure:4113: checking for grep that handles long lines and -e
configure:4171: result: /bin/grep
configure:4176: checking for egrep
configure:4238: result: /bin/grep -E
configure:4243: checking for fgrep
configure:4305: result: /bin/grep -F
configure:4340: checking for ld used by gcc
configure:4407: result: /usr/bin/ld
configure:4414: checking if the linker (/usr/bin/ld) is GNU ld
configure:4429: result: yes
configure:4441: checking for BSD- or MS-compatible name lister (nm)
configure:4490: result: /usr/bin/nm -B
configure:4620: checking the name lister (/usr/bin/nm -B) interface
configure:4627: gcc -c -g -O2  conftest.c >&5
configure:4630: /usr/bin/nm -B "conftest.o"
configure:4633: output
0000000000000000 B some_variable
configure:4640: result: BSD nm
configure:4643: checking whether ln -s works
configure:4647: result: yes
configure:4655: checking the maximum length of command line arguments
configure:4786: result: 1572864
configure:4803: checking whether the shell understands some XSI constructs
configure:4813: result: yes
configure:4817: checking whether the shell understands "+="
configure:4823: result: yes
configure:4858: checking how to convert x86_64-unknown-linux-gnu file names to x86_64-unknown-linux-gnu format
configure:4898: result: func_convert_file_noop
configure:4905: checking how to convert x86_64-unknown-linux-gnu file names to toolchain format
configure:4925: result: func_convert_file_noop
configure:4932: checking for /usr/bin/ld option to reload object files
configure:4939: result: -r
configure:5013: checking for objdump
configure:5029: found /usr/bin/objdump
configure:5040: result: objdump
configure:5072: checking how to recognize dependent libraries
configure:5270: result: pass_all
configure:5355: checking for dlltool
configure:5385: result: no
configure:5415: checking how to associate runtime and link libraries
configure:5442: result: printf %s\n
configure:5502: checking for ar
configure:5518: found /usr/bin/ar
configure:5529: result: ar
configure:5566: checking for archiver @FILE support
configure:5583: gcc -c -g -O2  conftest.c >&5
configure:5583: $? = 0
configure:5586: ar cru libconftest.a @conftest.lst >&5
configure:5589: $? = 0
configure:5594: ar cru libconftest.a @conftest.lst >&5
ar: conftest.o: No such file or directory
configure:5597: $? = 1
configure:5609: result: @
configure:5667: checking for strip
configure:5683: found /usr/bin/strip
configure:5694: result: strip
configure:5766: checking for ranlib
configure:5782: found /usr/bin/ranlib
configure:5793: result: ranlib
configure:5895: checking command to parse /usr/bin/nm -B output from gcc object
configure:6015: gcc -c -g -O2  conftest.c >&5
configure:6018: $? = 0
configure:6022: /usr/bin/nm -B conftest.o \| sed -n -e 's/^.*[ ]\([ABCDGIRSTW][ABCDGIRSTW]*\)[ ][ ]*\([_A-Za-z][_A-Za-z0-9]*\)$/\1 \2 \2/p' | sed '/ __gnu_lto/d' \> conftest.nm
configure:6025: $? = 0
configure:6091: gcc -o conftest -g -O2   conftest.c conftstm.o >&5
configure:6094: $? = 0
configure:6132: result: ok
configure:6169: checking for sysroot
configure:6199: result: no
configure:6276: gcc -c -g -O2  conftest.c >&5
configure:6279: $? = 0
configure:6462: checking for mt
configure:6478: found /bin/mt
configure:6489: result: mt
configure:6512: checking if mt is a manifest tool
configure:6518: mt '-?'
configure:6526: result: no
configure:7168: checking how to run the C preprocessor
configure:7199: gcc -E  conftest.c
configure:7199: $? = 0
configure:7213: gcc -E  conftest.c
conftest.c:11:28: fatal error: ac_nonexistent.h: No such file or directory
 #include <ac_nonexistent.h>
                            ^
compilation terminated.
configure:7213: $? = 1
configure: failed program was:
| /* confdefs.h */
| #define PACKAGE_NAME "freeglut library"
| #define PACKAGE_TARNAME "freeglut"
| #define PACKAGE_VERSION "2.8.1"
| #define PACKAGE_STRING "freeglut library 2.8.1"
| #define PACKAGE_BUGREPORT "freeglut-bugs@lists.sourceforge.net"
| #define PACKAGE_URL ""
| #define PACKAGE "freeglut"
| #define VERSION "2.8.1"
| /* end confdefs.h.  */
| #include <ac_nonexistent.h>
configure:7238: result: gcc -E
configure:7258: gcc -E  conftest.c
configure:7258: $? = 0
configure:7272: gcc -E  conftest.c
conftest.c:11:28: fatal error: ac_nonexistent.h: No such file or directory
 #include <ac_nonexistent.h>
                            ^
compilation terminated.
configure:7272: $? = 1
configure: failed program was:
| /* confdefs.h */
| #define PACKAGE_NAME "freeglut library"
| #define PACKAGE_TARNAME "freeglut"
| #define PACKAGE_VERSION "2.8.1"
| #define PACKAGE_STRING "freeglut library 2.8.1"
| #define PACKAGE_BUGREPORT "freeglut-bugs@lists.sourceforge.net"
| #define PACKAGE_URL ""
| #define PACKAGE "freeglut"
| #define VERSION "2.8.1"
| /* end confdefs.h.  */
| #include <ac_nonexistent.h>
configure:7301: checking for ANSI C header files
configure:7321: gcc -c -g -O2  conftest.c >&5
configure:7321: $? = 0
configure:7394: gcc -o conftest -g -O2   conftest.c  >&5
configure:7394: $? = 0
configure:7394: ./conftest
configure:7394: $? = 0
configure:7405: result: yes
configure:7418: checking for sys/types.h
configure:7418: gcc -c -g -O2  conftest.c >&5
configure:7418: $? = 0
configure:7418: result: yes
configure:7418: checking for sys/stat.h
configure:7418: gcc -c -g -O2  conftest.c >&5
configure:7418: $? = 0
configure:7418: result: yes
configure:7418: checking for stdlib.h
configure:7418: gcc -c -g -O2  conftest.c >&5
configure:7418: $? = 0
configure:7418: result: yes
configure:7418: checking for string.h
configure:7418: gcc -c -g -O2  conftest.c >&5
configure:7418: $? = 0
configure:7418: result: yes
configure:7418: checking for memory.h
configure:7418: gcc -c -g -O2  conftest.c >&5
configure:7418: $? = 0
configure:7418: result: yes
configure:7418: checking for strings.h
configure:7418: gcc -c -g -O2  conftest.c >&5
configure:7418: $? = 0
configure:7418: result: yes
configure:7418: checking for inttypes.h
configure:7418: gcc -c -g -O2  conftest.c >&5
configure:7418: $? = 0
configure:7418: result: yes
configure:7418: checking for stdint.h
configure:7418: gcc -c -g -O2  conftest.c >&5
configure:7418: $? = 0
configure:7418: result: yes
configure:7418: checking for unistd.h
configure:7418: gcc -c -g -O2  conftest.c >&5
configure:7418: $? = 0
configure:7418: result: yes
configure:7432: checking for dlfcn.h
configure:7432: gcc -c -g -O2  conftest.c >&5
configure:7432: $? = 0
configure:7432: result: yes
configure:7636: checking for objdir
configure:7651: result: .libs
configure:7918: checking if gcc supports -fno-rtti -fno-exceptions
configure:7936: gcc -c -g -O2  -fno-rtti -fno-exceptions conftest.c >&5
cc1: warning: command line option '-fno-rtti' is valid for C++/ObjC++ but not for C [enabled by default]
configure:7940: $? = 0
configure:7953: result: no
configure:8280: checking for gcc option to produce PIC
configure:8287: result: -fPIC -DPIC
configure:8295: checking if gcc PIC flag -fPIC -DPIC works
configure:8313: gcc -c -g -O2  -fPIC -DPIC -DPIC conftest.c >&5
configure:8317: $? = 0
configure:8330: result: yes
configure:8359: checking if gcc static flag -static works
configure:8387: result: yes
configure:8402: checking if gcc supports -c -o file.o
configure:8423: gcc -c -g -O2  -o out/conftest2.o conftest.c >&5
configure:8427: $? = 0
configure:8449: result: yes
configure:8457: checking if gcc supports -c -o file.o
configure:8504: result: yes
configure:8537: checking whether the gcc linker (/usr/bin/ld -m elf_x86_64) supports shared libraries
configure:9694: result: yes
configure:9731: checking whether -lc should be explicitly linked in
configure:9739: gcc -c -g -O2  conftest.c >&5
configure:9742: $? = 0
configure:9757: gcc -shared  -fPIC -DPIC conftest.o  -v -Wl,-soname -Wl,conftest -o conftest 2\>\&1 \| /bin/grep  -lc  \>/dev/null 2\>\&1
configure:9760: $? = 0
configure:9774: result: no
configure:9934: checking dynamic linker characteristics
configure:10434: gcc -o conftest -g -O2   -Wl,-rpath -Wl,/foo conftest.c  >&5
configure:10434: $? = 0
configure:10668: result: GNU/Linux ld.so
configure:10775: checking how to hardcode library paths into programs
configure:10800: result: immediate
configure:10894: checking for shl_load
configure:10894: gcc -o conftest -g -O2   conftest.c  >&5
/tmp/cclPpm9T.o: In function `main':
/opt/learning_opengl/jna_opengl/src/main/lib/freeglut/2.8.1-1/linux/conftest.c:57: undefined reference to `shl_load'
collect2: error: ld returned 1 exit status
configure:10894: $? = 1
configure: failed program was:
| /* confdefs.h */
| #define PACKAGE_NAME "freeglut library"
| #define PACKAGE_TARNAME "freeglut"
| #define PACKAGE_VERSION "2.8.1"
| #define PACKAGE_STRING "freeglut library 2.8.1"
| #define PACKAGE_BUGREPORT "freeglut-bugs@lists.sourceforge.net"
| #define PACKAGE_URL ""
| #define PACKAGE "freeglut"
| #define VERSION "2.8.1"
| #define STDC_HEADERS 1
| #define HAVE_SYS_TYPES_H 1
| #define HAVE_SYS_STAT_H 1
| #define HAVE_STDLIB_H 1
| #define HAVE_STRING_H 1
| #define HAVE_MEMORY_H 1
| #define HAVE_STRINGS_H 1
| #define HAVE_INTTYPES_H 1
| #define HAVE_STDINT_H 1
| #define HAVE_UNISTD_H 1
| #define HAVE_DLFCN_H 1
| #define LT_OBJDIR ".libs/"
| /* end confdefs.h.  */
| /* Define shl_load to an innocuous variant, in case <limits.h> declares shl_load.
|    For example, HP-UX 11i <limits.h> declares gettimeofday.  */
| #define shl_load innocuous_shl_load
| 
| /* System header to define __stub macros and hopefully few prototypes,
|     which can conflict with char shl_load (); below.
|     Prefer <limits.h> to <assert.h> if __STDC__ is defined, since
|     <limits.h> exists even on freestanding compilers.  */
| 
| #ifdef __STDC__
| # include <limits.h>
| #else
| # include <assert.h>
| #endif
| 
| #undef shl_load
| 
| /* Override any GCC internal prototype to avoid an error.
|    Use char because int might match the return type of a GCC
|    builtin and then its argument prototype would still apply.  */
| #ifdef __cplusplus
| extern "C"
| #endif
| char shl_load ();
| /* The GNU C library defines this for functions which it implements
|     to always fail with ENOSYS.  Some functions are actually named
|     something starting with __ and the normal name is an alias.  */
| #if defined __stub_shl_load || defined __stub___shl_load
| choke me
| #endif
| 
| int
| main ()
| {
| return shl_load ();
|   ;
|   return 0;
| }
configure:10894: result: no
configure:10898: checking for shl_load in -ldld
configure:10923: gcc -o conftest -g -O2   conftest.c -ldld   >&5
/usr/bin/ld: cannot find -ldld
collect2: error: ld returned 1 exit status
configure:10923: $? = 1
configure: failed program was:
| /* confdefs.h */
| #define PACKAGE_NAME "freeglut library"
| #define PACKAGE_TARNAME "freeglut"
| #define PACKAGE_VERSION "2.8.1"
| #define PACKAGE_STRING "freeglut library 2.8.1"
| #define PACKAGE_BUGREPORT "freeglut-bugs@lists.sourceforge.net"
| #define PACKAGE_URL ""
| #define PACKAGE "freeglut"
| #define VERSION "2.8.1"
| #define STDC_HEADERS 1
| #define HAVE_SYS_TYPES_H 1
| #define HAVE_SYS_STAT_H 1
| #define HAVE_STDLIB_H 1
| #define HAVE_STRING_H 1
| #define HAVE_MEMORY_H 1
| #define HAVE_STRINGS_H 1
| #define HAVE_INTTYPES_H 1
| #define HAVE_STDINT_H 1
| #define HAVE_UNISTD_H 1
| #define HAVE_DLFCN_H 1
| #define LT_OBJDIR ".libs/"
| /* end confdefs.h.  */
| 
| /* Override any GCC internal prototype to avoid an error.
|    Use char because int might match the return type of a GCC
|    builtin and then its argument prototype would still apply.  */
| #ifdef __cplusplus
| extern "C"
| #endif
| char shl_load ();
| int
| main ()
| {
| return shl_load ();
|   ;
|   return 0;
| }
configure:10932: result: no
configure:10937: checking for dlopen
configure:10937: gcc -o conftest -g -O2   conftest.c  >&5
/tmp/ccwrJT0P.o: In function `main':
/opt/learning_opengl/jna_opengl/src/main/lib/freeglut/2.8.1-1/linux/conftest.c:57: undefined reference to `dlopen'
collect2: error: ld returned 1 exit status
configure:10937: $? = 1
configure: failed program was:
| /* confdefs.h */
| #define PACKAGE_NAME "freeglut library"
| #define PACKAGE_TARNAME "freeglut"
| #define PACKAGE_VERSION "2.8.1"
| #define PACKAGE_STRING "freeglut library 2.8.1"
| #define PACKAGE_BUGREPORT "freeglut-bugs@lists.sourceforge.net"
| #define PACKAGE_URL ""
| #define PACKAGE "freeglut"
| #define VERSION "2.8.1"
| #define STDC_HEADERS 1
| #define HAVE_SYS_TYPES_H 1
| #define HAVE_SYS_STAT_H 1
| #define HAVE_STDLIB_H 1
| #define HAVE_STRING_H 1
| #define HAVE_MEMORY_H 1
| #define HAVE_STRINGS_H 1
| #define HAVE_INTTYPES_H 1
| #define HAVE_STDINT_H 1
| #define HAVE_UNISTD_H 1
| #define HAVE_DLFCN_H 1
| #define LT_OBJDIR ".libs/"
| /* end confdefs.h.  */
| /* Define dlopen to an innocuous variant, in case <limits.h> declares dlopen.
|    For example, HP-UX 11i <limits.h> declares gettimeofday.  */
| #define dlopen innocuous_dlopen
| 
| /* System header to define __stub macros and hopefully few prototypes,
|     which can conflict with char dlopen (); below.
|     Prefer <limits.h> to <assert.h> if __STDC__ is defined, since
|     <limits.h> exists even on freestanding compilers.  */
| 
| #ifdef __STDC__
| # include <limits.h>
| #else
| # include <assert.h>
| #endif
| 
| #undef dlopen
| 
| /* Override any GCC internal prototype to avoid an error.
|    Use char because int might match the return type of a GCC
|    builtin and then its argument prototype would still apply.  */
| #ifdef __cplusplus
| extern "C"
| #endif
| char dlopen ();
| /* The GNU C library defines this for functions which it implements
|     to always fail with ENOSYS.  Some functions are actually named
|     something starting with __ and the normal name is an alias.  */
| #if defined __stub_dlopen || defined __stub___dlopen
| choke me
| #endif
| 
| int
| main ()
| {
| return dlopen ();
|   ;
|   return 0;
| }
configure:10937: result: no
configure:10941: checking for dlopen in -ldl
configure:10966: gcc -o conftest -g -O2   conftest.c -ldl   >&5
configure:10966: $? = 0
configure:10975: result: yes
configure:11094: checking whether a program can dlopen itself
configure:11174: gcc -o conftest -g -O2  -DHAVE_DLFCN_H  -Wl,--export-dynamic conftest.c -ldl  >&5
configure:11177: $? = 0
configure:11195: result: yes
configure:11200: checking whether a statically linked program can dlopen itself
configure:11280: gcc -o conftest -g -O2  -DHAVE_DLFCN_H  -Wl,--export-dynamic -static conftest.c -ldl  >&5
/tmp/ccziIai0.o: In function `main':
/opt/learning_opengl/jna_opengl/src/main/lib/freeglut/2.8.1-1/linux/configure:11259: warning: Using 'dlopen' in statically linked applications requires at runtime the shared libraries from the glibc version used for linking
/usr/bin/ld: dynamic STT_GNU_IFUNC symbol `strcmp' with pointer equality in `/usr/lib/gcc/x86_64-linux-gnu/4.8/../../../x86_64-linux-gnu/libc.a(strcmp.o)' can not be used when making an executable; recompile with -fPIE and relink with -pie
collect2: error: ld returned 1 exit status
configure:11283: $? = 1
configure:11301: result: no
configure:11340: checking whether stripping libraries is possible
configure:11345: result: yes
configure:11380: checking if libtool supports shared libraries
configure:11382: result: yes
configure:11385: checking whether to build shared libraries
configure:11406: result: yes
configure:11409: checking whether to build static libraries
configure:11413: result: yes
configure:11453: checking for X
configure:11561: gcc -E  conftest.c
configure:11561: $? = 0
configure:11592: gcc -o conftest -g -O2   conftest.c -lX11  >&5
configure:11592: $? = 0
configure:11642: result: libraries , headers 
configure:11741: gcc -o conftest -g -O2   conftest.c   -lX11 >&5
configure:11741: $? = 0
configure:11839: checking for gethostbyname
configure:11839: gcc -o conftest -g -O2   conftest.c  >&5
configure:11839: $? = 0
configure:11839: result: yes
configure:11936: checking for connect
configure:11936: gcc -o conftest -g -O2   conftest.c  >&5
configure:11936: $? = 0
configure:11936: result: yes
configure:11985: checking for remove
configure:11985: gcc -o conftest -g -O2   conftest.c  >&5
configure:11985: $? = 0
configure:11985: result: yes
configure:12034: checking for shmat
configure:12034: gcc -o conftest -g -O2   conftest.c  >&5
configure:12034: $? = 0
configure:12034: result: yes
configure:12092: checking for IceConnectionNumber in -lICE
configure:12117: gcc -o conftest -g -O2   conftest.c -lICE   >&5
/usr/bin/ld: cannot find -lICE
collect2: error: ld returned 1 exit status
configure:12117: $? = 1
configure: failed program was:
| /* confdefs.h */
| #define PACKAGE_NAME "freeglut library"
| #define PACKAGE_TARNAME "freeglut"
| #define PACKAGE_VERSION "2.8.1"
| #define PACKAGE_STRING "freeglut library 2.8.1"
| #define PACKAGE_BUGREPORT "freeglut-bugs@lists.sourceforge.net"
| #define PACKAGE_URL ""
| #define PACKAGE "freeglut"
| #define VERSION "2.8.1"
| #define STDC_HEADERS 1
| #define HAVE_SYS_TYPES_H 1
| #define HAVE_SYS_STAT_H 1
| #define HAVE_STDLIB_H 1
| #define HAVE_STRING_H 1
| #define HAVE_MEMORY_H 1
| #define HAVE_STRINGS_H 1
| #define HAVE_INTTYPES_H 1
| #define HAVE_STDINT_H 1
| #define HAVE_UNISTD_H 1
| #define HAVE_DLFCN_H 1
| #define LT_OBJDIR ".libs/"
| /* end confdefs.h.  */
| 
| /* Override any GCC internal prototype to avoid an error.
|    Use char because int might match the return type of a GCC
|    builtin and then its argument prototype would still apply.  */
| #ifdef __cplusplus
| extern "C"
| #endif
| char IceConnectionNumber ();
| int
| main ()
| {
| return IceConnectionNumber ();
|   ;
|   return 0;
| }
configure:12126: result: no
configure:12145: checking for XF86VidModeSwitchToMode in -lXxf86vm
configure:12170: gcc -o conftest -g -O2   conftest.c -lXxf86vm   >&5
configure:12170: $? = 0
configure:12179: result: yes
configure:12190: checking for XRRQueryExtension in -lXrandr
configure:12215: gcc -o conftest -g -O2   conftest.c -lXrandr  -lXxf86vm  >&5
/usr/bin/ld: cannot find -lXrandr
collect2: error: ld returned 1 exit status
configure:12215: $? = 1
configure: failed program was:
| /* confdefs.h */
| #define PACKAGE_NAME "freeglut library"
| #define PACKAGE_TARNAME "freeglut"
| #define PACKAGE_VERSION "2.8.1"
| #define PACKAGE_STRING "freeglut library 2.8.1"
| #define PACKAGE_BUGREPORT "freeglut-bugs@lists.sourceforge.net"
| #define PACKAGE_URL ""
| #define PACKAGE "freeglut"
| #define VERSION "2.8.1"
| #define STDC_HEADERS 1
| #define HAVE_SYS_TYPES_H 1
| #define HAVE_SYS_STAT_H 1
| #define HAVE_STDLIB_H 1
| #define HAVE_STRING_H 1
| #define HAVE_MEMORY_H 1
| #define HAVE_STRINGS_H 1
| #define HAVE_INTTYPES_H 1
| #define HAVE_STDINT_H 1
| #define HAVE_UNISTD_H 1
| #define HAVE_DLFCN_H 1
| #define LT_OBJDIR ".libs/"
| #define HAVE_LIBXXF86VM 1
| /* end confdefs.h.  */
| 
| /* Override any GCC internal prototype to avoid an error.
|    Use char because int might match the return type of a GCC
|    builtin and then its argument prototype would still apply.  */
| #ifdef __cplusplus
| extern "C"
| #endif
| char XRRQueryExtension ();
| int
| main ()
| {
| return XRRQueryExtension ();
|   ;
|   return 0;
| }
configure:12224: result: no
configure:12235: checking for XISelectEvents in -lXi
configure:12260: gcc -o conftest -g -O2   conftest.c -lXi  -lXxf86vm  >&5
configure:12260: $? = 0
configure:12269: result: yes
configure:12290: checking for hid_init in -lusbhid
configure:12315: gcc -o conftest -g -O2   conftest.c -lusbhid  -lXi -lXxf86vm  >&5
/usr/bin/ld: cannot find -lusbhid
collect2: error: ld returned 1 exit status
configure:12315: $? = 1
configure: failed program was:
| /* confdefs.h */
| #define PACKAGE_NAME "freeglut library"
| #define PACKAGE_TARNAME "freeglut"
| #define PACKAGE_VERSION "2.8.1"
| #define PACKAGE_STRING "freeglut library 2.8.1"
| #define PACKAGE_BUGREPORT "freeglut-bugs@lists.sourceforge.net"
| #define PACKAGE_URL ""
| #define PACKAGE "freeglut"
| #define VERSION "2.8.1"
| #define STDC_HEADERS 1
| #define HAVE_SYS_TYPES_H 1
| #define HAVE_SYS_STAT_H 1
| #define HAVE_STDLIB_H 1
| #define HAVE_STRING_H 1
| #define HAVE_MEMORY_H 1
| #define HAVE_STRINGS_H 1
| #define HAVE_INTTYPES_H 1
| #define HAVE_STDINT_H 1
| #define HAVE_UNISTD_H 1
| #define HAVE_DLFCN_H 1
| #define LT_OBJDIR ".libs/"
| #define HAVE_LIBXXF86VM 1
| #define HAVE_LIBXI 1
| /* end confdefs.h.  */
| 
| /* Override any GCC internal prototype to avoid an error.
|    Use char because int might match the return type of a GCC
|    builtin and then its argument prototype would still apply.  */
| #ifdef __cplusplus
| extern "C"
| #endif
| char hid_init ();
| int
| main ()
| {
| return hid_init ();
|   ;
|   return 0;
| }
configure:12324: result: no
configure:12335: checking for library containing clock_gettime
configure:12366: gcc -o conftest -g -O2   conftest.c -lXi -lXxf86vm  >&5
configure:12366: $? = 0
configure:12383: result: none required
configure:12393: checking for ANSI C header files
configure:12497: result: yes
configure:12510: checking usbhid.h usability
configure:12510: gcc -c -g -O2   conftest.c >&5
conftest.c:59:20: fatal error: usbhid.h: No such file or directory
 #include <usbhid.h>
                    ^
compilation terminated.
configure:12510: $? = 1
configure: failed program was:
| /* confdefs.h */
| #define PACKAGE_NAME "freeglut library"
| #define PACKAGE_TARNAME "freeglut"
| #define PACKAGE_VERSION "2.8.1"
| #define PACKAGE_STRING "freeglut library 2.8.1"
| #define PACKAGE_BUGREPORT "freeglut-bugs@lists.sourceforge.net"
| #define PACKAGE_URL ""
| #define PACKAGE "freeglut"
| #define VERSION "2.8.1"
| #define STDC_HEADERS 1
| #define HAVE_SYS_TYPES_H 1
| #define HAVE_SYS_STAT_H 1
| #define HAVE_STDLIB_H 1
| #define HAVE_STRING_H 1
| #define HAVE_MEMORY_H 1
| #define HAVE_STRINGS_H 1
| #define HAVE_INTTYPES_H 1
| #define HAVE_STDINT_H 1
| #define HAVE_UNISTD_H 1
| #define HAVE_DLFCN_H 1
| #define LT_OBJDIR ".libs/"
| #define HAVE_LIBXXF86VM 1
| #define HAVE_LIBXI 1
| #define STDC_HEADERS 1
| /* end confdefs.h.  */
| #include <stdio.h>
| #ifdef HAVE_SYS_TYPES_H
| # include <sys/types.h>
| #endif
| #ifdef HAVE_SYS_STAT_H
| # include <sys/stat.h>
| #endif
| #ifdef STDC_HEADERS
| # include <stdlib.h>
| # include <stddef.h>
| #else
| # ifdef HAVE_STDLIB_H
| #  include <stdlib.h>
| # endif
| #endif
| #ifdef HAVE_STRING_H
| # if !defined STDC_HEADERS && defined HAVE_MEMORY_H
| #  include <memory.h>
| # endif
| # include <string.h>
| #endif
| #ifdef HAVE_STRINGS_H
| # include <strings.h>
| #endif
| #ifdef HAVE_INTTYPES_H
| # include <inttypes.h>
| #endif
| #ifdef HAVE_STDINT_H
| # include <stdint.h>
| #endif
| #ifdef HAVE_UNISTD_H
| # include <unistd.h>
| #endif
| #include <usbhid.h>
configure:12510: result: no
configure:12510: checking usbhid.h presence
configure:12510: gcc -E   conftest.c
conftest.c:26:20: fatal error: usbhid.h: No such file or directory
 #include <usbhid.h>
                    ^
compilation terminated.
configure:12510: $? = 1
configure: failed program was:
| /* confdefs.h */
| #define PACKAGE_NAME "freeglut library"
| #define PACKAGE_TARNAME "freeglut"
| #define PACKAGE_VERSION "2.8.1"
| #define PACKAGE_STRING "freeglut library 2.8.1"
| #define PACKAGE_BUGREPORT "freeglut-bugs@lists.sourceforge.net"
| #define PACKAGE_URL ""
| #define PACKAGE "freeglut"
| #define VERSION "2.8.1"
| #define STDC_HEADERS 1
| #define HAVE_SYS_TYPES_H 1
| #define HAVE_SYS_STAT_H 1
| #define HAVE_STDLIB_H 1
| #define HAVE_STRING_H 1
| #define HAVE_MEMORY_H 1
| #define HAVE_STRINGS_H 1
| #define HAVE_INTTYPES_H 1
| #define HAVE_STDINT_H 1
| #define HAVE_UNISTD_H 1
| #define HAVE_DLFCN_H 1
| #define LT_OBJDIR ".libs/"
| #define HAVE_LIBXXF86VM 1
| #define HAVE_LIBXI 1
| #define STDC_HEADERS 1
| /* end confdefs.h.  */
| #include <usbhid.h>
configure:12510: result: no
configure:12510: checking for usbhid.h
configure:12510: result: no
configure:12510: checking libusbhid.h usability
configure:12510: gcc -c -g -O2   conftest.c >&5
conftest.c:59:23: fatal error: libusbhid.h: No such file or directory
 #include <libusbhid.h>
                       ^
compilation terminated.
configure:12510: $? = 1
configure: failed program was:
| /* confdefs.h */
| #define PACKAGE_NAME "freeglut library"
| #define PACKAGE_TARNAME "freeglut"
| #define PACKAGE_VERSION "2.8.1"
| #define PACKAGE_STRING "freeglut library 2.8.1"
| #define PACKAGE_BUGREPORT "freeglut-bugs@lists.sourceforge.net"
| #define PACKAGE_URL ""
| #define PACKAGE "freeglut"
| #define VERSION "2.8.1"
| #define STDC_HEADERS 1
| #define HAVE_SYS_TYPES_H 1
| #define HAVE_SYS_STAT_H 1
| #define HAVE_STDLIB_H 1
| #define HAVE_STRING_H 1
| #define HAVE_MEMORY_H 1
| #define HAVE_STRINGS_H 1
| #define HAVE_INTTYPES_H 1
| #define HAVE_STDINT_H 1
| #define HAVE_UNISTD_H 1
| #define HAVE_DLFCN_H 1
| #define LT_OBJDIR ".libs/"
| #define HAVE_LIBXXF86VM 1
| #define HAVE_LIBXI 1
| #define STDC_HEADERS 1
| /* end confdefs.h.  */
| #include <stdio.h>
| #ifdef HAVE_SYS_TYPES_H
| # include <sys/types.h>
| #endif
| #ifdef HAVE_SYS_STAT_H
| # include <sys/stat.h>
| #endif
| #ifdef STDC_HEADERS
| # include <stdlib.h>
| # include <stddef.h>
| #else
| # ifdef HAVE_STDLIB_H
| #  include <stdlib.h>
| # endif
| #endif
| #ifdef HAVE_STRING_H
| # if !defined STDC_HEADERS && defined HAVE_MEMORY_H
| #  include <memory.h>
| # endif
| # include <string.h>
| #endif
| #ifdef HAVE_STRINGS_H
| # include <strings.h>
| #endif
| #ifdef HAVE_INTTYPES_H
| # include <inttypes.h>
| #endif
| #ifdef HAVE_STDINT_H
| # include <stdint.h>
| #endif
| #ifdef HAVE_UNISTD_H
| # include <unistd.h>
| #endif
| #include <libusbhid.h>
configure:12510: result: no
configure:12510: checking libusbhid.h presence
configure:12510: gcc -E   conftest.c
conftest.c:26:23: fatal error: libusbhid.h: No such file or directory
 #include <libusbhid.h>
                       ^
compilation terminated.
configure:12510: $? = 1
configure: failed program was:
| /* confdefs.h */
| #define PACKAGE_NAME "freeglut library"
| #define PACKAGE_TARNAME "freeglut"
| #define PACKAGE_VERSION "2.8.1"
| #define PACKAGE_STRING "freeglut library 2.8.1"
| #define PACKAGE_BUGREPORT "freeglut-bugs@lists.sourceforge.net"
| #define PACKAGE_URL ""
| #define PACKAGE "freeglut"
| #define VERSION "2.8.1"
| #define STDC_HEADERS 1
| #define HAVE_SYS_TYPES_H 1
| #define HAVE_SYS_STAT_H 1
| #define HAVE_STDLIB_H 1
| #define HAVE_STRING_H 1
| #define HAVE_MEMORY_H 1
| #define HAVE_STRINGS_H 1
| #define HAVE_INTTYPES_H 1
| #define HAVE_STDINT_H 1
| #define HAVE_UNISTD_H 1
| #define HAVE_DLFCN_H 1
| #define LT_OBJDIR ".libs/"
| #define HAVE_LIBXXF86VM 1
| #define HAVE_LIBXI 1
| #define STDC_HEADERS 1
| /* end confdefs.h.  */
| #include <libusbhid.h>
configure:12510: result: no
configure:12510: checking for libusbhid.h
configure:12510: result: no
configure:12510: checking errno.h usability
configure:12510: gcc -c -g -O2   conftest.c >&5
configure:12510: $? = 0
configure:12510: result: yes
configure:12510: checking errno.h presence
configure:12510: gcc -E   conftest.c
configure:12510: $? = 0
configure:12510: result: yes
configure:12510: checking for errno.h
configure:12510: result: yes
configure:12510: checking GL/gl.h usability
configure:12510: gcc -c -g -O2   conftest.c >&5
configure:12510: $? = 0
configure:12510: result: yes
configure:12510: checking GL/gl.h presence
configure:12510: gcc -E   conftest.c
configure:12510: $? = 0
configure:12510: result: yes
configure:12510: checking for GL/gl.h
configure:12510: result: yes
configure:12510: checking GL/glu.h usability
configure:12510: gcc -c -g -O2   conftest.c >&5
configure:12510: $? = 0
configure:12510: result: yes
configure:12510: checking GL/glu.h presence
configure:12510: gcc -E   conftest.c
configure:12510: $? = 0
configure:12510: result: yes
configure:12510: checking for GL/glu.h
configure:12510: result: yes
configure:12510: checking GL/glx.h usability
configure:12510: gcc -c -g -O2   conftest.c >&5
configure:12510: $? = 0
configure:12510: result: yes
configure:12510: checking GL/glx.h presence
configure:12510: gcc -E   conftest.c
configure:12510: $? = 0
configure:12510: result: yes
configure:12510: checking for GL/glx.h
configure:12510: result: yes
configure:12510: checking fcntl.h usability
configure:12510: gcc -c -g -O2   conftest.c >&5
configure:12510: $? = 0
configure:12510: result: yes
configure:12510: checking fcntl.h presence
configure:12510: gcc -E   conftest.c
configure:12510: $? = 0
configure:12510: result: yes
configure:12510: checking for fcntl.h
configure:12510: result: yes
configure:12510: checking limits.h usability
configure:12510: gcc -c -g -O2   conftest.c >&5
configure:12510: $? = 0
configure:12510: result: yes
configure:12510: checking limits.h presence
configure:12510: gcc -E   conftest.c
configure:12510: $? = 0
configure:12510: result: yes
configure:12510: checking for limits.h
configure:12510: result: yes
configure:12510: checking sys/ioctl.h usability
configure:12510: gcc -c -g -O2   conftest.c >&5
configure:12510: $? = 0
configure:12510: result: yes
configure:12510: checking sys/ioctl.h presence
configure:12510: gcc -E   conftest.c
configure:12510: $? = 0
configure:12510: result: yes
configure:12510: checking for sys/ioctl.h
configure:12510: result: yes
configure:12510: checking sys/param.h usability
configure:12510: gcc -c -g -O2   conftest.c >&5
configure:12510: $? = 0
configure:12510: result: yes
configure:12510: checking sys/param.h presence
configure:12510: gcc -E   conftest.c
configure:12510: $? = 0
configure:12510: result: yes
configure:12510: checking for sys/param.h
configure:12510: result: yes
configure:12510: checking sys/time.h usability
configure:12510: gcc -c -g -O2   conftest.c >&5
configure:12510: $? = 0
configure:12510: result: yes
configure:12510: checking sys/time.h presence
configure:12510: gcc -E   conftest.c
configure:12510: $? = 0
configure:12510: result: yes
configure:12510: checking for sys/time.h
configure:12510: result: yes
configure:12520: checking whether time.h and sys/time.h may both be included
configure:12540: gcc -c -g -O2   conftest.c >&5
configure:12540: $? = 0
configure:12547: result: yes
configure:12557: checking for X11/extensions/xf86vmode.h
configure:12557: gcc -c -g -O2   conftest.c >&5
configure:12557: $? = 0
configure:12557: result: yes
configure:12570: checking X11/extensions/Xrandr.h usability
configure:12570: gcc -c -g -O2   conftest.c >&5
conftest.c:70:35: fatal error: X11/extensions/Xrandr.h: No such file or directory
 #include <X11/extensions/Xrandr.h>
                                   ^
compilation terminated.
configure:12570: $? = 1
configure: failed program was:
| /* confdefs.h */
| #define PACKAGE_NAME "freeglut library"
| #define PACKAGE_TARNAME "freeglut"
| #define PACKAGE_VERSION "2.8.1"
| #define PACKAGE_STRING "freeglut library 2.8.1"
| #define PACKAGE_BUGREPORT "freeglut-bugs@lists.sourceforge.net"
| #define PACKAGE_URL ""
| #define PACKAGE "freeglut"
| #define VERSION "2.8.1"
| #define STDC_HEADERS 1
| #define HAVE_SYS_TYPES_H 1
| #define HAVE_SYS_STAT_H 1
| #define HAVE_STDLIB_H 1
| #define HAVE_STRING_H 1
| #define HAVE_MEMORY_H 1
| #define HAVE_STRINGS_H 1
| #define HAVE_INTTYPES_H 1
| #define HAVE_STDINT_H 1
| #define HAVE_UNISTD_H 1
| #define HAVE_DLFCN_H 1
| #define LT_OBJDIR ".libs/"
| #define HAVE_LIBXXF86VM 1
| #define HAVE_LIBXI 1
| #define STDC_HEADERS 1
| #define HAVE_ERRNO_H 1
| #define HAVE_GL_GL_H 1
| #define HAVE_GL_GLU_H 1
| #define HAVE_GL_GLX_H 1
| #define HAVE_FCNTL_H 1
| #define HAVE_LIMITS_H 1
| #define HAVE_SYS_IOCTL_H 1
| #define HAVE_SYS_PARAM_H 1
| #define HAVE_SYS_TIME_H 1
| #define TIME_WITH_SYS_TIME 1
| #define HAVE_X11_EXTENSIONS_XF86VMODE_H 1
| /* end confdefs.h.  */
| #include <stdio.h>
| #ifdef HAVE_SYS_TYPES_H
| # include <sys/types.h>
| #endif
| #ifdef HAVE_SYS_STAT_H
| # include <sys/stat.h>
| #endif
| #ifdef STDC_HEADERS
| # include <stdlib.h>
| # include <stddef.h>
| #else
| # ifdef HAVE_STDLIB_H
| #  include <stdlib.h>
| # endif
| #endif
| #ifdef HAVE_STRING_H
| # if !defined STDC_HEADERS && defined HAVE_MEMORY_H
| #  include <memory.h>
| # endif
| # include <string.h>
| #endif
| #ifdef HAVE_STRINGS_H
| # include <strings.h>
| #endif
| #ifdef HAVE_INTTYPES_H
| # include <inttypes.h>
| #endif
| #ifdef HAVE_STDINT_H
| # include <stdint.h>
| #endif
| #ifdef HAVE_UNISTD_H
| # include <unistd.h>
| #endif
| #include <X11/extensions/Xrandr.h>
configure:12570: result: no
configure:12570: checking X11/extensions/Xrandr.h presence
configure:12570: gcc -E   conftest.c
conftest.c:37:35: fatal error: X11/extensions/Xrandr.h: No such file or directory
 #include <X11/extensions/Xrandr.h>
                                   ^
compilation terminated.
configure:12570: $? = 1
configure: failed program was:
| /* confdefs.h */
| #define PACKAGE_NAME "freeglut library"
| #define PACKAGE_TARNAME "freeglut"
| #define PACKAGE_VERSION "2.8.1"
| #define PACKAGE_STRING "freeglut library 2.8.1"
| #define PACKAGE_BUGREPORT "freeglut-bugs@lists.sourceforge.net"
| #define PACKAGE_URL ""
| #define PACKAGE "freeglut"
| #define VERSION "2.8.1"
| #define STDC_HEADERS 1
| #define HAVE_SYS_TYPES_H 1
| #define HAVE_SYS_STAT_H 1
| #define HAVE_STDLIB_H 1
| #define HAVE_STRING_H 1
| #define HAVE_MEMORY_H 1
| #define HAVE_STRINGS_H 1
| #define HAVE_INTTYPES_H 1
| #define HAVE_STDINT_H 1
| #define HAVE_UNISTD_H 1
| #define HAVE_DLFCN_H 1
| #define LT_OBJDIR ".libs/"
| #define HAVE_LIBXXF86VM 1
| #define HAVE_LIBXI 1
| #define STDC_HEADERS 1
| #define HAVE_ERRNO_H 1
| #define HAVE_GL_GL_H 1
| #define HAVE_GL_GLU_H 1
| #define HAVE_GL_GLX_H 1
| #define HAVE_FCNTL_H 1
| #define HAVE_LIMITS_H 1
| #define HAVE_SYS_IOCTL_H 1
| #define HAVE_SYS_PARAM_H 1
| #define HAVE_SYS_TIME_H 1
| #define TIME_WITH_SYS_TIME 1
| #define HAVE_X11_EXTENSIONS_XF86VMODE_H 1
| /* end confdefs.h.  */
| #include <X11/extensions/Xrandr.h>
configure:12570: result: no
configure:12570: checking for X11/extensions/Xrandr.h
configure:12570: result: no
configure:12583: checking X11/extensions/XI.h usability
configure:12583: gcc -c -g -O2   conftest.c >&5
configure:12583: $? = 0
configure:12583: result: yes
configure:12583: checking X11/extensions/XI.h presence
configure:12583: gcc -E   conftest.c
configure:12583: $? = 0
configure:12583: result: yes
configure:12583: checking for X11/extensions/XI.h
configure:12583: result: yes
configure:12583: checking X11/extensions/XInput.h usability
configure:12583: gcc -c -g -O2   conftest.c >&5
conftest.c:71:35: fatal error: X11/extensions/XInput.h: No such file or directory
 #include <X11/extensions/XInput.h>
                                   ^
compilation terminated.
configure:12583: $? = 1
configure: failed program was:
| /* confdefs.h */
| #define PACKAGE_NAME "freeglut library"
| #define PACKAGE_TARNAME "freeglut"
| #define PACKAGE_VERSION "2.8.1"
| #define PACKAGE_STRING "freeglut library 2.8.1"
| #define PACKAGE_BUGREPORT "freeglut-bugs@lists.sourceforge.net"
| #define PACKAGE_URL ""
| #define PACKAGE "freeglut"
| #define VERSION "2.8.1"
| #define STDC_HEADERS 1
| #define HAVE_SYS_TYPES_H 1
| #define HAVE_SYS_STAT_H 1
| #define HAVE_STDLIB_H 1
| #define HAVE_STRING_H 1
| #define HAVE_MEMORY_H 1
| #define HAVE_STRINGS_H 1
| #define HAVE_INTTYPES_H 1
| #define HAVE_STDINT_H 1
| #define HAVE_UNISTD_H 1
| #define HAVE_DLFCN_H 1
| #define LT_OBJDIR ".libs/"
| #define HAVE_LIBXXF86VM 1
| #define HAVE_LIBXI 1
| #define STDC_HEADERS 1
| #define HAVE_ERRNO_H 1
| #define HAVE_GL_GL_H 1
| #define HAVE_GL_GLU_H 1
| #define HAVE_GL_GLX_H 1
| #define HAVE_FCNTL_H 1
| #define HAVE_LIMITS_H 1
| #define HAVE_SYS_IOCTL_H 1
| #define HAVE_SYS_PARAM_H 1
| #define HAVE_SYS_TIME_H 1
| #define TIME_WITH_SYS_TIME 1
| #define HAVE_X11_EXTENSIONS_XF86VMODE_H 1
| #define HAVE_X11_EXTENSIONS_XI_H 1
| /* end confdefs.h.  */
| #include <stdio.h>
| #ifdef HAVE_SYS_TYPES_H
| # include <sys/types.h>
| #endif
| #ifdef HAVE_SYS_STAT_H
| # include <sys/stat.h>
| #endif
| #ifdef STDC_HEADERS
| # include <stdlib.h>
| # include <stddef.h>
| #else
| # ifdef HAVE_STDLIB_H
| #  include <stdlib.h>
| # endif
| #endif
| #ifdef HAVE_STRING_H
| # if !defined STDC_HEADERS && defined HAVE_MEMORY_H
| #  include <memory.h>
| # endif
| # include <string.h>
| #endif
| #ifdef HAVE_STRINGS_H
| # include <strings.h>
| #endif
| #ifdef HAVE_INTTYPES_H
| # include <inttypes.h>
| #endif
| #ifdef HAVE_STDINT_H
| # include <stdint.h>
| #endif
| #ifdef HAVE_UNISTD_H
| # include <unistd.h>
| #endif
| #include <X11/extensions/XInput.h>
configure:12583: result: no
configure:12583: checking X11/extensions/XInput.h presence
configure:12583: gcc -E   conftest.c
conftest.c:38:35: fatal error: X11/extensions/XInput.h: No such file or directory
 #include <X11/extensions/XInput.h>
                                   ^
compilation terminated.
configure:12583: $? = 1
configure: failed program was:
| /* confdefs.h */
| #define PACKAGE_NAME "freeglut library"
| #define PACKAGE_TARNAME "freeglut"
| #define PACKAGE_VERSION "2.8.1"
| #define PACKAGE_STRING "freeglut library 2.8.1"
| #define PACKAGE_BUGREPORT "freeglut-bugs@lists.sourceforge.net"
| #define PACKAGE_URL ""
| #define PACKAGE "freeglut"
| #define VERSION "2.8.1"
| #define STDC_HEADERS 1
| #define HAVE_SYS_TYPES_H 1
| #define HAVE_SYS_STAT_H 1
| #define HAVE_STDLIB_H 1
| #define HAVE_STRING_H 1
| #define HAVE_MEMORY_H 1
| #define HAVE_STRINGS_H 1
| #define HAVE_INTTYPES_H 1
| #define HAVE_STDINT_H 1
| #define HAVE_UNISTD_H 1
| #define HAVE_DLFCN_H 1
| #define LT_OBJDIR ".libs/"
| #define HAVE_LIBXXF86VM 1
| #define HAVE_LIBXI 1
| #define STDC_HEADERS 1
| #define HAVE_ERRNO_H 1
| #define HAVE_GL_GL_H 1
| #define HAVE_GL_GLU_H 1
| #define HAVE_GL_GLX_H 1
| #define HAVE_FCNTL_H 1
| #define HAVE_LIMITS_H 1
| #define HAVE_SYS_IOCTL_H 1
| #define HAVE_SYS_PARAM_H 1
| #define HAVE_SYS_TIME_H 1
| #define TIME_WITH_SYS_TIME 1
| #define HAVE_X11_EXTENSIONS_XF86VMODE_H 1
| #define HAVE_X11_EXTENSIONS_XI_H 1
| /* end confdefs.h.  */
| #include <X11/extensions/XInput.h>
configure:12583: result: no
configure:12583: checking for X11/extensions/XInput.h
configure:12583: result: no
configure:12595: checking X11/extensions/XInput2.h usability
configure:12595: gcc -c -g -O2   conftest.c >&5
conftest.c:71:36: fatal error: X11/extensions/XInput2.h: No such file or directory
 #include <X11/extensions/XInput2.h>
                                    ^
compilation terminated.
configure:12595: $? = 1
configure: failed program was:
| /* confdefs.h */
| #define PACKAGE_NAME "freeglut library"
| #define PACKAGE_TARNAME "freeglut"
| #define PACKAGE_VERSION "2.8.1"
| #define PACKAGE_STRING "freeglut library 2.8.1"
| #define PACKAGE_BUGREPORT "freeglut-bugs@lists.sourceforge.net"
| #define PACKAGE_URL ""
| #define PACKAGE "freeglut"
| #define VERSION "2.8.1"
| #define STDC_HEADERS 1
| #define HAVE_SYS_TYPES_H 1
| #define HAVE_SYS_STAT_H 1
| #define HAVE_STDLIB_H 1
| #define HAVE_STRING_H 1
| #define HAVE_MEMORY_H 1
| #define HAVE_STRINGS_H 1
| #define HAVE_INTTYPES_H 1
| #define HAVE_STDINT_H 1
| #define HAVE_UNISTD_H 1
| #define HAVE_DLFCN_H 1
| #define LT_OBJDIR ".libs/"
| #define HAVE_LIBXXF86VM 1
| #define HAVE_LIBXI 1
| #define STDC_HEADERS 1
| #define HAVE_ERRNO_H 1
| #define HAVE_GL_GL_H 1
| #define HAVE_GL_GLU_H 1
| #define HAVE_GL_GLX_H 1
| #define HAVE_FCNTL_H 1
| #define HAVE_LIMITS_H 1
| #define HAVE_SYS_IOCTL_H 1
| #define HAVE_SYS_PARAM_H 1
| #define HAVE_SYS_TIME_H 1
| #define TIME_WITH_SYS_TIME 1
| #define HAVE_X11_EXTENSIONS_XF86VMODE_H 1
| #define HAVE_X11_EXTENSIONS_XI_H 1
| /* end confdefs.h.  */
| #include <stdio.h>
| #ifdef HAVE_SYS_TYPES_H
| # include <sys/types.h>
| #endif
| #ifdef HAVE_SYS_STAT_H
| # include <sys/stat.h>
| #endif
| #ifdef STDC_HEADERS
| # include <stdlib.h>
| # include <stddef.h>
| #else
| # ifdef HAVE_STDLIB_H
| #  include <stdlib.h>
| # endif
| #endif
| #ifdef HAVE_STRING_H
| # if !defined STDC_HEADERS && defined HAVE_MEMORY_H
| #  include <memory.h>
| # endif
| # include <string.h>
| #endif
| #ifdef HAVE_STRINGS_H
| # include <strings.h>
| #endif
| #ifdef HAVE_INTTYPES_H
| # include <inttypes.h>
| #endif
| #ifdef HAVE_STDINT_H
| # include <stdint.h>
| #endif
| #ifdef HAVE_UNISTD_H
| # include <unistd.h>
| #endif
| #include <X11/extensions/XInput2.h>
configure:12595: result: no
configure:12595: checking X11/extensions/XInput2.h presence
configure:12595: gcc -E   conftest.c
conftest.c:38:36: fatal error: X11/extensions/XInput2.h: No such file or directory
 #include <X11/extensions/XInput2.h>
                                    ^
compilation terminated.
configure:12595: $? = 1
configure: failed program was:
| /* confdefs.h */
| #define PACKAGE_NAME "freeglut library"
| #define PACKAGE_TARNAME "freeglut"
| #define PACKAGE_VERSION "2.8.1"
| #define PACKAGE_STRING "freeglut library 2.8.1"
| #define PACKAGE_BUGREPORT "freeglut-bugs@lists.sourceforge.net"
| #define PACKAGE_URL ""
| #define PACKAGE "freeglut"
| #define VERSION "2.8.1"
| #define STDC_HEADERS 1
| #define HAVE_SYS_TYPES_H 1
| #define HAVE_SYS_STAT_H 1
| #define HAVE_STDLIB_H 1
| #define HAVE_STRING_H 1
| #define HAVE_MEMORY_H 1
| #define HAVE_STRINGS_H 1
| #define HAVE_INTTYPES_H 1
| #define HAVE_STDINT_H 1
| #define HAVE_UNISTD_H 1
| #define HAVE_DLFCN_H 1
| #define LT_OBJDIR ".libs/"
| #define HAVE_LIBXXF86VM 1
| #define HAVE_LIBXI 1
| #define STDC_HEADERS 1
| #define HAVE_ERRNO_H 1
| #define HAVE_GL_GL_H 1
| #define HAVE_GL_GLU_H 1
| #define HAVE_GL_GLX_H 1
| #define HAVE_FCNTL_H 1
| #define HAVE_LIMITS_H 1
| #define HAVE_SYS_IOCTL_H 1
| #define HAVE_SYS_PARAM_H 1
| #define HAVE_SYS_TIME_H 1
| #define TIME_WITH_SYS_TIME 1
| #define HAVE_X11_EXTENSIONS_XF86VMODE_H 1
| #define HAVE_X11_EXTENSIONS_XI_H 1
| /* end confdefs.h.  */
| #include <X11/extensions/XInput2.h>
configure:12595: result: no
configure:12595: checking for X11/extensions/XInput2.h
configure:12595: result: no
configure:12609: checking whether gcc needs -traditional
configure:12643: result: no
configure:12652: checking for vprintf
configure:12652: gcc -o conftest -g -O2   conftest.c -lXi -lXxf86vm  >&5
conftest.c:61:6: warning: conflicting types for built-in function 'vprintf' [enabled by default]
 char vprintf ();
      ^
configure:12652: $? = 0
configure:12652: result: yes
configure:12658: checking for _doprnt
configure:12658: gcc -o conftest -g -O2   conftest.c -lXi -lXxf86vm  >&5
/tmp/ccPfxE2r.o: In function `main':
/opt/learning_opengl/jna_opengl/src/main/lib/freeglut/2.8.1-1/linux/conftest.c:73: undefined reference to `_doprnt'
collect2: error: ld returned 1 exit status
configure:12658: $? = 1
configure: failed program was:
| /* confdefs.h */
| #define PACKAGE_NAME "freeglut library"
| #define PACKAGE_TARNAME "freeglut"
| #define PACKAGE_VERSION "2.8.1"
| #define PACKAGE_STRING "freeglut library 2.8.1"
| #define PACKAGE_BUGREPORT "freeglut-bugs@lists.sourceforge.net"
| #define PACKAGE_URL ""
| #define PACKAGE "freeglut"
| #define VERSION "2.8.1"
| #define STDC_HEADERS 1
| #define HAVE_SYS_TYPES_H 1
| #define HAVE_SYS_STAT_H 1
| #define HAVE_STDLIB_H 1
| #define HAVE_STRING_H 1
| #define HAVE_MEMORY_H 1
| #define HAVE_STRINGS_H 1
| #define HAVE_INTTYPES_H 1
| #define HAVE_STDINT_H 1
| #define HAVE_UNISTD_H 1
| #define HAVE_DLFCN_H 1
| #define LT_OBJDIR ".libs/"
| #define HAVE_LIBXXF86VM 1
| #define HAVE_LIBXI 1
| #define STDC_HEADERS 1
| #define HAVE_ERRNO_H 1
| #define HAVE_GL_GL_H 1
| #define HAVE_GL_GLU_H 1
| #define HAVE_GL_GLX_H 1
| #define HAVE_FCNTL_H 1
| #define HAVE_LIMITS_H 1
| #define HAVE_SYS_IOCTL_H 1
| #define HAVE_SYS_PARAM_H 1
| #define HAVE_SYS_TIME_H 1
| #define TIME_WITH_SYS_TIME 1
| #define HAVE_X11_EXTENSIONS_XF86VMODE_H 1
| #define HAVE_X11_EXTENSIONS_XI_H 1
| #define HAVE_VPRINTF 1
| /* end confdefs.h.  */
| /* Define _doprnt to an innocuous variant, in case <limits.h> declares _doprnt.
|    For example, HP-UX 11i <limits.h> declares gettimeofday.  */
| #define _doprnt innocuous__doprnt
| 
| /* System header to define __stub macros and hopefully few prototypes,
|     which can conflict with char _doprnt (); below.
|     Prefer <limits.h> to <assert.h> if __STDC__ is defined, since
|     <limits.h> exists even on freestanding compilers.  */
| 
| #ifdef __STDC__
| # include <limits.h>
| #else
| # include <assert.h>
| #endif
| 
| #undef _doprnt
| 
| /* Override any GCC internal prototype to avoid an error.
|    Use char because int might match the return type of a GCC
|    builtin and then its argument prototype would still apply.  */
| #ifdef __cplusplus
| extern "C"
| #endif
| char _doprnt ();
| /* The GNU C library defines this for functions which it implements
|     to always fail with ENOSYS.  Some functions are actually named
|     something starting with __ and the normal name is an alias.  */
| #if defined __stub__doprnt || defined __stub____doprnt
| choke me
| #endif
| 
| int
| main ()
| {
| return _doprnt ();
|   ;
|   return 0;
| }
configure:12658: result: no
configure:12757: checking for cos in -lm
configure:12782: gcc -o conftest -g -O2   conftest.c -lm  -lXi -lXxf86vm  >&5
conftest.c:46:6: warning: conflicting types for built-in function 'cos' [enabled by default]
 char cos ();
      ^
configure:12782: $? = 0
configure:12791: result: yes
configure:12804: checking for gettimeofday
configure:12804: gcc -o conftest -g -O2   conftest.c -lXi -lXxf86vm  >&5
configure:12804: $? = 0
configure:12804: result: yes
configure:12815: checking for vfprintf
configure:12815: gcc -o conftest -g -O2   conftest.c -lXi -lXxf86vm  >&5
conftest.c:63:6: warning: conflicting types for built-in function 'vfprintf' [enabled by default]
 char vfprintf ();
      ^
configure:12815: $? = 0
configure:12815: result: yes
configure:12995: creating ./config.status

## ---------------------- ##
## Running config.status. ##
## ---------------------- ##

This file was extended by freeglut library config.status 2.8.1, which was
generated by GNU Autoconf 2.69.  Invocation command line was

  CONFIG_FILES    = 
  CONFIG_HEADERS  = 
  CONFIG_LINKS    = 
  CONFIG_COMMANDS = 
  $ ./config.status 

on ljandrew-3

config.status:1118: creating Makefile
config.status:1118: creating doc/Makefile
config.status:1118: creating include/GL/Makefile
config.status:1118: creating include/Makefile
config.status:1118: creating progs/Makefile
config.status:1118: creating progs/demos/CallbackMaker/Makefile
config.status:1118: creating progs/demos/Fractals/Makefile
config.status:1118: creating progs/demos/Fractals_random/Makefile
config.status:1118: creating progs/demos/Lorenz/Makefile
config.status:1118: creating progs/demos/Makefile
config.status:1118: creating progs/demos/One/Makefile
config.status:1118: creating progs/demos/shapes/Makefile
config.status:1118: creating progs/demos/smooth_opengl3/Makefile
config.status:1118: creating progs/demos/spaceball/Makefile
config.status:1118: creating progs/demos/subwin/Makefile
config.status:1118: creating src/Makefile
config.status:1118: creating config.h
config.status:1340: executing depfiles commands
config.status:1340: executing libtool commands

## ---------------- ##
## Cache variables. ##
## ---------------- ##

ac_cv_build=x86_64-unknown-linux-gnu
ac_cv_c_compiler_gnu=yes
ac_cv_c_const=yes
ac_cv_env_CC_set=
ac_cv_env_CC_value=
ac_cv_env_CFLAGS_set=
ac_cv_env_CFLAGS_value=
ac_cv_env_CPPFLAGS_set=
ac_cv_env_CPPFLAGS_value=
ac_cv_env_CPP_set=
ac_cv_env_CPP_value=
ac_cv_env_LDFLAGS_set=
ac_cv_env_LDFLAGS_value=
ac_cv_env_LIBS_set=
ac_cv_env_LIBS_value=
ac_cv_env_XMKMF_set=
ac_cv_env_XMKMF_value=
ac_cv_env_build_alias_set=
ac_cv_env_build_alias_value=
ac_cv_env_host_alias_set=
ac_cv_env_host_alias_value=
ac_cv_env_target_alias_set=
ac_cv_env_target_alias_value=
ac_cv_func__doprnt=no
ac_cv_func_connect=yes
ac_cv_func_dlopen=no
ac_cv_func_gethostbyname=yes
ac_cv_func_gettimeofday=yes
ac_cv_func_remove=yes
ac_cv_func_shl_load=no
ac_cv_func_shmat=yes
ac_cv_func_vfprintf=yes
ac_cv_func_vprintf=yes
ac_cv_have_x='have_x=yes	ac_x_includes='\'''\''	ac_x_libraries='\'''\'''
ac_cv_header_GL_gl_h=yes
ac_cv_header_GL_glu_h=yes
ac_cv_header_GL_glx_h=yes
ac_cv_header_X11_extensions_XI_h=yes
ac_cv_header_X11_extensions_XInput2_h=no
ac_cv_header_X11_extensions_XInput_h=no
ac_cv_header_X11_extensions_Xrandr_h=no
ac_cv_header_X11_extensions_xf86vmode_h=yes
ac_cv_header_dlfcn_h=yes
ac_cv_header_errno_h=yes
ac_cv_header_fcntl_h=yes
ac_cv_header_inttypes_h=yes
ac_cv_header_libusbhid_h=no
ac_cv_header_limits_h=yes
ac_cv_header_memory_h=yes
ac_cv_header_stdc=yes
ac_cv_header_stdint_h=yes
ac_cv_header_stdlib_h=yes
ac_cv_header_string_h=yes
ac_cv_header_strings_h=yes
ac_cv_header_sys_ioctl_h=yes
ac_cv_header_sys_param_h=yes
ac_cv_header_sys_stat_h=yes
ac_cv_header_sys_time_h=yes
ac_cv_header_sys_types_h=yes
ac_cv_header_time=yes
ac_cv_header_unistd_h=yes
ac_cv_header_usbhid_h=no
ac_cv_host=x86_64-unknown-linux-gnu
ac_cv_lib_ICE_IceConnectionNumber=no
ac_cv_lib_Xi_XISelectEvents=yes
ac_cv_lib_Xrandr_XRRQueryExtension=no
ac_cv_lib_Xxf86vm_XF86VidModeSwitchToMode=yes
ac_cv_lib_dl_dlopen=yes
ac_cv_lib_dld_shl_load=no
ac_cv_lib_m_cos=yes
ac_cv_lib_usbhid_hid_init=no
ac_cv_objext=o
ac_cv_path_EGREP='/bin/grep -E'
ac_cv_path_FGREP='/bin/grep -F'
ac_cv_path_GREP=/bin/grep
ac_cv_path_SED=/bin/sed
ac_cv_path_install='/usr/bin/install -c'
ac_cv_prog_AWK=mawk
ac_cv_prog_CPP='gcc -E'
ac_cv_prog_ac_ct_AR=ar
ac_cv_prog_ac_ct_CC=gcc
ac_cv_prog_ac_ct_MANIFEST_TOOL=mt
ac_cv_prog_ac_ct_OBJDUMP=objdump
ac_cv_prog_ac_ct_RANLIB=ranlib
ac_cv_prog_ac_ct_STRIP=strip
ac_cv_prog_cc_c89=
ac_cv_prog_cc_g=yes
ac_cv_prog_cc_gcc_c_o=yes
ac_cv_prog_gcc_traditional=no
ac_cv_prog_make_make_set=yes
ac_cv_search_clock_gettime='none required'
am_cv_CC_dependencies_compiler_type=gcc3
lt_cv_ar_at_file=@
lt_cv_archive_cmds_need_lc=no
lt_cv_deplibs_check_method=pass_all
lt_cv_dlopen=dlopen
lt_cv_dlopen_libs=-ldl
lt_cv_dlopen_self=yes
lt_cv_dlopen_self_static=no
lt_cv_file_magic_cmd='$MAGIC_CMD'
lt_cv_file_magic_test_file=
lt_cv_ld_reload_flag=-r
lt_cv_nm_interface='BSD nm'
lt_cv_objdir=.libs
lt_cv_path_LD=/usr/bin/ld
lt_cv_path_NM='/usr/bin/nm -B'
lt_cv_path_mainfest_tool=no
lt_cv_prog_compiler_c_o=yes
lt_cv_prog_compiler_pic='-fPIC -DPIC'
lt_cv_prog_compiler_pic_works=yes
lt_cv_prog_compiler_rtti_exceptions=no
lt_cv_prog_compiler_static_works=yes
lt_cv_prog_gnu_ld=yes
lt_cv_sharedlib_from_linklib_cmd='printf %s\n'
lt_cv_shlibpath_overrides_runpath=no
lt_cv_sys_global_symbol_pipe='sed -n -e '\''s/^.*[	 ]\([ABCDGIRSTW][ABCDGIRSTW]*\)[	 ][	 ]*\([_A-Za-z][_A-Za-z0-9]*\)$/\1 \2 \2/p'\'' | sed '\''/ __gnu_lto/d'\'''
lt_cv_sys_global_symbol_to_c_name_address='sed -n -e '\''s/^: \([^ ]*\)[ ]*$/  {\"\1\", (void *) 0},/p'\'' -e '\''s/^[ABCDGIRSTW]* \([^ ]*\) \([^ ]*\)$/  {"\2", (void *) \&\2},/p'\'''
lt_cv_sys_global_symbol_to_c_name_address_lib_prefix='sed -n -e '\''s/^: \([^ ]*\)[ ]*$/  {\"\1\", (void *) 0},/p'\'' -e '\''s/^[ABCDGIRSTW]* \([^ ]*\) \(lib[^ ]*\)$/  {"\2", (void *) \&\2},/p'\'' -e '\''s/^[ABCDGIRSTW]* \([^ ]*\) \([^ ]*\)$/  {"lib\2", (void *) \&\2},/p'\'''
lt_cv_sys_global_symbol_to_cdecl='sed -n -e '\''s/^T .* \(.*\)$/extern int \1();/p'\'' -e '\''s/^[ABCDGIRSTW]* .* \(.*\)$/extern char \1;/p'\'''
lt_cv_sys_max_cmd_len=1572864
lt_cv_to_host_file_cmd=func_convert_file_noop
lt_cv_to_tool_file_cmd=func_convert_file_noop

## ----------------- ##
## Output variables. ##
## ----------------- ##

ACLOCAL='${SHELL} /opt/learning_opengl/jna_opengl/src/main/lib/freeglut/2.8.1-1/linux/missing --run aclocal-1.9'
AMDEPBACKSLASH='\'
AMDEP_FALSE='#'
AMDEP_TRUE=''
AMTAR='${SHELL} /opt/learning_opengl/jna_opengl/src/main/lib/freeglut/2.8.1-1/linux/missing --run tar'
AR='ar'
AUTOCONF='${SHELL} /opt/learning_opengl/jna_opengl/src/main/lib/freeglut/2.8.1-1/linux/missing --run autoconf'
AUTOHEADER='${SHELL} /opt/learning_opengl/jna_opengl/src/main/lib/freeglut/2.8.1-1/linux/missing --run autoheader'
AUTOMAKE='${SHELL} /opt/learning_opengl/jna_opengl/src/main/lib/freeglut/2.8.1-1/linux/missing --run automake-1.9'
AWK='mawk'
CC='gcc'
CCDEPMODE='depmode=gcc3'
CFLAGS='-g -O2 -Wall -pedantic'
CPP='gcc -E'
CPPFLAGS=''
CYGPATH_W='echo'
DEFS='-DHAVE_CONFIG_H'
DEPDIR='.deps'
DLLTOOL='false'
DSYMUTIL=''
DUMPBIN=''
ECHO_C=''
ECHO_N='-n'
ECHO_T=''
EGREP='/bin/grep -E'
EXEEXT=''
EXPORT_FLAGS=''
FGREP='/bin/grep -F'
GL_LIBS='-lGL -lXext -lX11'
GREP='/bin/grep'
HEADER='glut.h'
INSTALL_DATA='${INSTALL} -m 644'
INSTALL_PROGRAM='${INSTALL}'
INSTALL_SCRIPT='${INSTALL}'
INSTALL_STRIP_PROGRAM='${SHELL} $(install_sh) -c -s'
LD='/usr/bin/ld -m elf_x86_64'
LDFLAGS=''
LIBM='-lm'
LIBOBJS=''
LIBRARY='glut'
LIBS='-lXi -lXxf86vm '
LIBTOOL='$(SHELL) $(top_builddir)/libtool'
LIBTOOL_DEPS='./ltmain.sh'
LIBUSBHID=''
LIBXI='-lXi'
LIBXXF86VM=''
LIPO=''
LN_S='ln -s'
LTLIBOBJS=''
MAKEINFO='${SHELL} /opt/learning_opengl/jna_opengl/src/main/lib/freeglut/2.8.1-1/linux/missing --run makeinfo'
MANIFEST_TOOL=':'
NM='/usr/bin/nm -B'
NMEDIT=''
OBJDUMP='objdump'
OBJEXT='o'
OTOOL64=''
OTOOL=''
PACKAGE='freeglut'
PACKAGE_BUGREPORT='freeglut-bugs@lists.sourceforge.net'
PACKAGE_NAME='freeglut library'
PACKAGE_STRING='freeglut library 2.8.1'
PACKAGE_TARNAME='freeglut'
PACKAGE_URL=''
PACKAGE_VERSION='2.8.1'
PATH_SEPARATOR=':'
RANLIB='ranlib'
SED='/bin/sed'
SET_MAKE=''
SHELL='/bin/bash'
STRIP='strip'
VERSION='2.8.1'
VERSION_INFO='-version-info 12:0:9'
XMKMF=''
X_CFLAGS=''
X_EXTRA_LIBS=''
X_LIBS=''
X_PRE_LIBS=''
ac_ct_AR='ar'
ac_ct_CC='gcc'
ac_ct_DUMPBIN=''
am__fastdepCC_FALSE='#'
am__fastdepCC_TRUE=''
am__include='include'
am__leading_dot='.'
am__quote=''
am__tar='${AMTAR} chof - "$$tardir"'
am__untar='${AMTAR} xf -'
bindir='${exec_prefix}/bin'
build='x86_64-unknown-linux-gnu'
build_alias=''
build_cpu='x86_64'
build_os='linux-gnu'
build_vendor='unknown'
datadir='${datarootdir}'
datarootdir='${prefix}/share'
docdir='${datarootdir}/doc/${PACKAGE_TARNAME}'
dvidir='${docdir}'
exec_prefix='${prefix}'
host='x86_64-unknown-linux-gnu'
host_alias=''
host_cpu='x86_64'
host_os='linux-gnu'
host_vendor='unknown'
htmldir='${docdir}'
includedir='${prefix}/include'
infodir='${datarootdir}/info'
install_sh='/opt/learning_opengl/jna_opengl/src/main/lib/freeglut/2.8.1-1/linux/install-sh'
libdir='${exec_prefix}/lib'
libexecdir='${exec_prefix}/libexec'
localedir='${datarootdir}/locale'
localstatedir='${prefix}/var'
mandir='${datarootdir}/man'
mkdir_p='mkdir -p --'
oldincludedir='/usr/include'
pdfdir='${docdir}'
prefix='/usr/local'
program_transform_name='s,x,x,'
psdir='${docdir}'
sbindir='${exec_prefix}/sbin'
sharedstatedir='${prefix}/com'
sysconfdir='${prefix}/etc'
target_alias=''

## ----------- ##
## confdefs.h. ##
## ----------- ##

/* confdefs.h */
#define PACKAGE_NAME "freeglut library"
#define PACKAGE_TARNAME "freeglut"
#define PACKAGE_VERSION "2.8.1"
#define PACKAGE_STRING "freeglut library 2.8.1"
#define PACKAGE_BUGREPORT "freeglut-bugs@lists.sourceforge.net"
#define PACKAGE_URL ""
#define PACKAGE "freeglut"
#define VERSION "2.8.1"
#define STDC_HEADERS 1
#define HAVE_SYS_TYPES_H 1
#define HAVE_SYS_STAT_H 1
#define HAVE_STDLIB_H 1
#define HAVE_STRING_H 1
#define HAVE_MEMORY_H 1
#define HAVE_STRINGS_H 1
#define HAVE_INTTYPES_H 1
#define HAVE_STDINT_H 1
#define HAVE_UNISTD_H 1
#define HAVE_DLFCN_H 1
#define LT_OBJDIR ".libs/"
#define HAVE_LIBXXF86VM 1
#define HAVE_LIBXI 1
#define STDC_HEADERS 1
#define HAVE_ERRNO_H 1
#define HAVE_GL_GL_H 1
#define HAVE_GL_GLU_H 1
#define HAVE_GL_GLX_H 1
#define HAVE_FCNTL_H 1
#define HAVE_LIMITS_H 1
#define HAVE_SYS_IOCTL_H 1
#define HAVE_SYS_PARAM_H 1
#define HAVE_SYS_TIME_H 1
#define TIME_WITH_SYS_TIME 1
#define HAVE_X11_EXTENSIONS_XF86VMODE_H 1
#define HAVE_X11_EXTENSIONS_XI_H 1
#define HAVE_VPRINTF 1
#define HAVE_GETTIMEOFDAY 1
#define HAVE_VFPRINTF 1

configure: exit 0
